# JRE version: OpenJDK Runtime Environment (8.0_242-b01) (build 1.8.0_242-release-1644-b01)
# Java VM: OpenJDK 64-Bit Server VM (25.242-b01 mixed mode windows-amd64 compressed oops)
Heap:
 PSYoungGen      total 29184K, used 20058K [0x00000000d5580000, 0x00000000d8400000, 0x0000000100000000)
  eden space 26112K, 65% used [0x00000000d5580000,0x00000000d66418e8,0x00000000d6f00000)
  from space 3072K, 94% used [0x00000000d6f80000,0x00000000d72550a8,0x00000000d7280000)
  to   space 10752K, 0% used [0x00000000d7980000,0x00000000d7980000,0x00000000d8400000)
 ParOldGen       total 48640K, used 13622K [0x0000000080000000, 0x0000000082f80000, 0x00000000d5580000)
  object space 48640K, 28% used [0x0000000080000000,0x0000000080d4daa0,0x0000000082f80000)
 Metaspace       used 36975K, capacity 38642K, committed 38824K, reserved 1083392K
  class space    used 5117K, capacity 5461K, committed 5552K, reserved 1048576K
GC Heap History (10 events):
Event: 65.272 GC heap before
{Heap before GC invocations=13 (full 1):
 PSYoungGen      total 35840K, used 35448K [0x00000000d5580000, 0x00000000d8500000, 0x0000000100000000)
  eden space 28160K, 100% used [0x00000000d5580000,0x00000000d7100000,0x00000000d7100000)
  from space 7680K, 94% used [0x00000000d7180000,0x00000000d789e0a8,0x00000000d7900000)
  to   space 10240K, 0% used [0x00000000d7b00000,0x00000000d7b00000,0x00000000d8500000)
 ParOldGen       total 43008K, used 6874K [0x0000000080000000, 0x0000000082a00000, 0x00000000d5580000)
  object space 43008K, 15% used [0x0000000080000000,0x00000000806b6a18,0x0000000082a00000)
 Metaspace       used 33892K, capacity 35000K, committed 35248K, reserved 1079296K
  class space    used 4660K, capacity 4933K, committed 5040K, reserved 1048576K
Event: 65.276 GC heap after
Heap after GC invocations=13 (full 1):
 PSYoungGen      total 37888K, used 7731K [0x00000000d5580000, 0x00000000d8580000, 0x0000000100000000)
  eden space 27648K, 0% used [0x00000000d5580000,0x00000000d5580000,0x00000000d7080000)
  from space 10240K, 75% used [0x00000000d7b00000,0x00000000d828cd80,0x00000000d8500000)
  to   space 10752K, 0% used [0x00000000d7080000,0x00000000d7080000,0x00000000d7b00000)
 ParOldGen       total 43008K, used 6882K [0x0000000080000000, 0x0000000082a00000, 0x00000000d5580000)
  object space 43008K, 16% used [0x0000000080000000,0x00000000806b8a18,0x0000000082a00000)
 Metaspace       used 33892K, capacity 35000K, committed 35248K, reserved 1079296K
  class space    used 4660K, capacity 4933K, committed 5040K, reserved 1048576K
}
Event: 66.031 GC heap before
{Heap before GC invocations=14 (full 1):
 PSYoungGen      total 37888K, used 16273K [0x00000000d5580000, 0x00000000d8580000, 0x0000000100000000)
  eden space 27648K, 30% used [0x00000000d5580000,0x00000000d5dd77d0,0x00000000d7080000)
  from space 10240K, 75% used [0x00000000d7b00000,0x00000000d828cd80,0x00000000d8500000)
  to   space 10752K, 0% used [0x00000000d7080000,0x00000000d7080000,0x00000000d7b00000)
 ParOldGen       total 43008K, used 6882K [0x0000000080000000, 0x0000000082a00000, 0x00000000d5580000)
  object space 43008K, 16% used [0x0000000080000000,0x00000000806b8a18,0x0000000082a00000)
 Metaspace       used 34289K, capacity 35406K, committed 35496K, reserved 1079296K
  class space    used 4726K, capacity 5002K, committed 5040K, reserved 1048576K
Event: 66.035 GC heap after
Heap after GC invocations=14 (full 1):
 PSYoungGen      total 34816K, used 7258K [0x00000000d5580000, 0x00000000d8500000, 0x0000000100000000)
  eden space 27136K, 0% used [0x00000000d5580000,0x00000000d5580000,0x00000000d7000000)
  from space 7680K, 94% used [0x00000000d7080000,0x00000000d7796848,0x00000000d7800000)
  to   space 10752K, 0% used [0x00000000d7a80000,0x00000000d7a80000,0x00000000d8500000)
 ParOldGen       total 43008K, used 6882K [0x0000000080000000, 0x0000000082a00000, 0x00000000d5580000)
  object space 43008K, 16% used [0x0000000080000000,0x00000000806b8a18,0x0000000082a00000)
 Metaspace       used 34289K, capacity 35406K, committed 35496K, reserved 1079296K
  class space    used 4726K, capacity 5002K, committed 5040K, reserved 1048576K
}
Event: 66.035 GC heap before
{Heap before GC invocations=15 (full 2):
 PSYoungGen      total 34816K, used 7258K [0x00000000d5580000, 0x00000000d8500000, 0x0000000100000000)
  eden space 27136K, 0% used [0x00000000d5580000,0x00000000d5580000,0x00000000d7000000)
  from space 7680K, 94% used [0x00000000d7080000,0x00000000d7796848,0x00000000d7800000)
  to   space 10752K, 0% used [0x00000000d7a80000,0x00000000d7a80000,0x00000000d8500000)
 ParOldGen       total 43008K, used 6882K [0x0000000080000000, 0x0000000082a00000, 0x00000000d5580000)
  object space 43008K, 16% used [0x0000000080000000,0x00000000806b8a18,0x0000000082a00000)
 Metaspace       used 34289K, capacity 35406K, committed 35496K, reserved 1079296K
  class space    used 4726K, capacity 5002K, committed 5040K, reserved 1048576K
Event: 66.084 GC heap after
Heap after GC invocations=15 (full 2):
 PSYoungGen      total 34816K, used 0K [0x00000000d5580000, 0x00000000d8500000, 0x0000000100000000)
  eden space 27136K, 0% used [0x00000000d5580000,0x00000000d5580000,0x00000000d7000000)
  from space 7680K, 0% used [0x00000000d7080000,0x00000000d7080000,0x00000000d7800000)
  to   space 10752K, 0% used [0x00000000d7a80000,0x00000000d7a80000,0x00000000d8500000)
 ParOldGen       total 48640K, used 13606K [0x0000000080000000, 0x0000000082f80000, 0x00000000d5580000)
  object space 48640K, 27% used [0x0000000080000000,0x0000000080d49aa0,0x0000000082f80000)
 Metaspace       used 34289K, capacity 35406K, committed 35496K, reserved 1079296K
  class space    used 4726K, capacity 5002K, committed 5040K, reserved 1048576K
}
Event: 78.336 GC heap before
{Heap before GC invocations=16 (full 2):
 PSYoungGen      total 34816K, used 27136K [0x00000000d5580000, 0x00000000d8500000, 0x0000000100000000)
  eden space 27136K, 100% used [0x00000000d5580000,0x00000000d7000000,0x00000000d7000000)
  from space 7680K, 0% used [0x00000000d7080000,0x00000000d7080000,0x00000000d7800000)
  to   space 10752K, 0% used [0x00000000d7a80000,0x00000000d7a80000,0x00000000d8500000)
 ParOldGen       total 48640K, used 13606K [0x0000000080000000, 0x0000000082f80000, 0x00000000d5580000)
  object space 48640K, 27% used [0x0000000080000000,0x0000000080d49aa0,0x0000000082f80000)
 Metaspace       used 35736K, capacity 37094K, committed 37288K, reserved 1081344K
  class space    used 4924K, capacity 5232K, committed 5296K, reserved 1048576K
Event: 78.338 GC heap after
Heap after GC invocations=16 (full 2):
 PSYoungGen      total 36864K, used 2836K [0x00000000d5580000, 0x00000000d8480000, 0x0000000100000000)
  eden space 26624K, 0% used [0x00000000d5580000,0x00000000d5580000,0x00000000d6f80000)
  from space 10240K, 27% used [0x00000000d7a80000,0x00000000d7d451c8,0x00000000d8480000)
  to   space 10752K, 0% used [0x00000000d6f80000,0x00000000d6f80000,0x00000000d7a00000)
 ParOldGen       total 48640K, used 13614K [0x0000000080000000, 0x0000000082f80000, 0x00000000d5580000)
  object space 48640K, 27% used [0x0000000080000000,0x0000000080d4baa0,0x0000000082f80000)
 Metaspace       used 35736K, capacity 37094K, committed 37288K, reserved 1081344K
  class space    used 4924K, capacity 5232K, committed 5296K, reserved 1048576K
}
Event: 89.263 GC heap before
{Heap before GC invocations=17 (full 2):
 PSYoungGen      total 36864K, used 29460K [0x00000000d5580000, 0x00000000d8480000, 0x0000000100000000)
  eden space 26624K, 100% used [0x00000000d5580000,0x00000000d6f80000,0x00000000d6f80000)
  from space 10240K, 27% used [0x00000000d7a80000,0x00000000d7d451c8,0x00000000d8480000)
  to   space 10752K, 0% used [0x00000000d6f80000,0x00000000d6f80000,0x00000000d7a00000)
 ParOldGen       total 48640K, used 13614K [0x0000000080000000, 0x0000000082f80000, 0x00000000d5580000)
  object space 48640K, 27% used [0x0000000080000000,0x0000000080d4baa0,0x0000000082f80000)
 Metaspace       used 36367K, capacity 37878K, committed 38184K, reserved 1081344K
  class space    used 5013K, capacity 5327K, committed 5424K, reserved 1048576K
Event: 89.265 GC heap after
Heap after GC invocations=17 (full 2):
 PSYoungGen      total 29184K, used 2900K [0x00000000d5580000, 0x00000000d8400000, 0x0000000100000000)
  eden space 26112K, 0% used [0x00000000d5580000,0x00000000d5580000,0x00000000d6f00000)
  from space 3072K, 94% used [0x00000000d6f80000,0x00000000d72550a8,0x00000000d7280000)
  to   space 10752K, 0% used [0x00000000d7980000,0x00000000d7980000,0x00000000d8400000)
 ParOldGen       total 48640K, used 13622K [0x0000000080000000, 0x0000000082f80000, 0x00000000d5580000)
  object space 48640K, 28% used [0x0000000080000000,0x0000000080d4daa0,0x0000000082f80000)
 Metaspace       used 36367K, capacity 37878K, committed 38184K, reserved 1081344K
  class space    used 5013K, capacity 5327K, committed 5424K, reserved 1048576K
}

